Classifier Support Vector Machine with kernel: linear C:1 gamma:0.000000 has accuracy 0.9250
Classifier Support Vector Machine with kernel: linear C:1 gamma:0.000000 has precision 0.5388
Classifier Support Vector Machine with kernel: linear C:1 gamma:0.000000 has recall 0.4232
Classifier Support Vector Machine with kernel: linear C:1 gamma:0.000000 has f1-score 0.4562


Classifier Support Vector Machine with kernel: linear C:10 gamma:0.000000 has accuracy 0.9250
Classifier Support Vector Machine with kernel: linear C:10 gamma:0.000000 has precision 0.5388
Classifier Support Vector Machine with kernel: linear C:10 gamma:0.000000 has recall 0.4232
Classifier Support Vector Machine with kernel: linear C:10 gamma:0.000000 has f1-score 0.4562


Classifier Support Vector Machine with kernel: linear C:100 gamma:0.000000 has accuracy 0.9250
Classifier Support Vector Machine with kernel: linear C:100 gamma:0.000000 has precision 0.5388
Classifier Support Vector Machine with kernel: linear C:100 gamma:0.000000 has recall 0.4232
Classifier Support Vector Machine with kernel: linear C:100 gamma:0.000000 has f1-score 0.4562


Classifier Support Vector Machine with kernel: rbf C:1 gamma:0.000000 has accuracy 0.9256
Classifier Support Vector Machine with kernel: rbf C:1 gamma:0.000000 has precision 0.0000
Classifier Support Vector Machine with kernel: rbf C:1 gamma:0.000000 has recall 0.0000
Classifier Support Vector Machine with kernel: rbf C:1 gamma:0.000000 has f1-score 0.0000


Classifier Support Vector Machine with kernel: rbf C:1 gamma:0.005263 has accuracy 0.9301
Classifier Support Vector Machine with kernel: rbf C:1 gamma:0.005263 has precision 0.3778
Classifier Support Vector Machine with kernel: rbf C:1 gamma:0.005263 has recall 0.0810
Classifier Support Vector Machine with kernel: rbf C:1 gamma:0.005263 has f1-score 0.1295


Classifier Support Vector Machine with kernel: rbf C:1 gamma:0.010526 has accuracy 0.9317
Classifier Support Vector Machine with kernel: rbf C:1 gamma:0.010526 has precision 0.6442
Classifier Support Vector Machine with kernel: rbf C:1 gamma:0.010526 has recall 0.1133
Classifier Support Vector Machine with kernel: rbf C:1 gamma:0.010526 has f1-score 0.1800


Classifier Support Vector Machine with kernel: rbf C:1 gamma:0.015789 has accuracy 0.9305
Classifier Support Vector Machine with kernel: rbf C:1 gamma:0.015789 has precision 0.6357
Classifier Support Vector Machine with kernel: rbf C:1 gamma:0.015789 has recall 0.0933
Classifier Support Vector Machine with kernel: rbf C:1 gamma:0.015789 has f1-score 0.1561


Classifier Support Vector Machine with kernel: rbf C:1 gamma:0.021053 has accuracy 0.9302
Classifier Support Vector Machine with kernel: rbf C:1 gamma:0.021053 has precision 0.7075
Classifier Support Vector Machine with kernel: rbf C:1 gamma:0.021053 has recall 0.0897
Classifier Support Vector Machine with kernel: rbf C:1 gamma:0.021053 has f1-score 0.1510


Classifier Support Vector Machine with kernel: rbf C:1 gamma:0.026316 has accuracy 0.9277
Classifier Support Vector Machine with kernel: rbf C:1 gamma:0.026316 has precision 0.5967
Classifier Support Vector Machine with kernel: rbf C:1 gamma:0.026316 has recall 0.0652
Classifier Support Vector Machine with kernel: rbf C:1 gamma:0.026316 has f1-score 0.1153


Classifier Support Vector Machine with kernel: rbf C:1 gamma:0.031579 has accuracy 0.9265
Classifier Support Vector Machine with kernel: rbf C:1 gamma:0.031579 has precision 0.4833
Classifier Support Vector Machine with kernel: rbf C:1 gamma:0.031579 has recall 0.0448
Classifier Support Vector Machine with kernel: rbf C:1 gamma:0.031579 has f1-score 0.0816


Classifier Support Vector Machine with kernel: rbf C:1 gamma:0.036842 has accuracy 0.9259
Classifier Support Vector Machine with kernel: rbf C:1 gamma:0.036842 has precision 0.4833
Classifier Support Vector Machine with kernel: rbf C:1 gamma:0.036842 has recall 0.0287
Classifier Support Vector Machine with kernel: rbf C:1 gamma:0.036842 has f1-score 0.0536


Classifier Support Vector Machine with kernel: rbf C:1 gamma:0.042105 has acc